  zx_utils.cc
d:\myproject\base\include\zx_utils.h(451): warning C4244: “return”: 从“unsigned long”转换到“unsigned short”，可能丢失数据
d:\myproject\base\include\zx_utils.h(529): warning C4244: “return”: 从“double”转换到“float”，可能丢失数据
d:\myproject\base\base\zx_utils.cc(200): warning C4273: “ZxBase::trim”: dll 链接不一致
  d:\myproject\base\include\zx_utils.h(39): note: 参见“trim”的前一个定义
d:\myproject\base\base\zx_utils.cc(218): warning C4273: “ZxBase::trimleft”: dll 链接不一致
  d:\myproject\base\include\zx_utils.h(49): note: 参见“trimleft”的前一个定义
d:\myproject\base\base\zx_utils.cc(262): warning C4273: “ZxBase::trimright”: dll 链接不一致
  d:\myproject\base\include\zx_utils.h(59): note: 参见“trimright”的前一个定义
d:\myproject\base\base\zx_utils.cc(306): warning C4273: “ZxBase::lower”: dll 链接不一致
  d:\myproject\base\include\zx_utils.h(67): note: 参见“lower”的前一个定义
d:\myproject\base\base\zx_utils.cc(317): warning C4273: “ZxBase::upper”: dll 链接不一致
  d:\myproject\base\include\zx_utils.h(75): note: 参见“upper”的前一个定义
d:\myproject\base\base\zx_utils.cc(329): warning C4273: “ZxBase::isdigit”: dll 链接不一致
  d:\myproject\base\include\zx_utils.h(83): note: 参见“isdigit”的前一个定义
d:\myproject\base\base\zx_utils.cc(349): warning C4273: “ZxBase::str2tm”: dll 链接不一致
  d:\myproject\base\include\zx_utils.h(93): note: 参见“str2tm”的前一个定义
d:\myproject\base\base\zx_utils.cc(374): warning C4273: “ZxBase::strgmt2tm”: dll 链接不一致
  d:\myproject\base\include\zx_utils.h(110): note: 参见“strgmt2tm”的前一个定义
d:\myproject\base\base\zx_utils.cc(379): warning C4273: “ZxBase::tm2str”: dll 链接不一致
  d:\myproject\base\include\zx_utils.h(119): note: 参见“tm2str”的前一个定义
d:\myproject\base\base\zx_utils.cc(388): warning C4273: “ZxBase::tm2str”: dll 链接不一致
  d:\myproject\base\include\zx_utils.h(128): note: 参见“tm2str”的前一个定义
d:\myproject\base\base\zx_utils.cc(399): warning C4273: “ZxBase::now2str”: dll 链接不一致
  d:\myproject\base\include\zx_utils.h(135): note: 参见“now2str”的前一个定义
d:\myproject\base\base\zx_utils.cc(405): warning C4273: “ZxBase::now2GMTstr”: dll 链接不一致
  d:\myproject\base\include\zx_utils.h(155): note: 参见“now2GMTstr”的前一个定义
d:\myproject\base\base\zx_utils.cc(411): warning C4273: “ZxBase::tm2GMTstr”: dll 链接不一致
  d:\myproject\base\include\zx_utils.h(149): note: 参见“tm2GMTstr”的前一个定义
d:\myproject\base\base\zx_utils.cc(423): warning C4273: “ZxBase::tm2GMTstr”: dll 链接不一致
  d:\myproject\base\include\zx_utils.h(142): note: 参见“tm2GMTstr”的前一个定义
d:\myproject\base\base\zx_utils.cc(428): warning C4273: “ZxBase::nowdate2str”: dll 链接不一致
  d:\myproject\base\include\zx_utils.h(162): note: 参见“nowdate2str”的前一个定义
d:\myproject\base\base\zx_utils.cc(433): warning C4273: “ZxBase::nowtime2str”: dll 链接不一致
  d:\myproject\base\include\zx_utils.h(169): note: 参见“nowtime2str”的前一个定义
d:\myproject\base\base\zx_utils.cc(462): warning C4273: “ZxBase::bin2str”: dll 链接不一致
  d:\myproject\base\include\zx_utils.h(288): note: 参见“bin2str”的前一个定义
d:\myproject\base\base\zx_utils.cc(488): warning C4273: “ZxBase::bin2str”: dll 链接不一致
  d:\myproject\base\include\zx_utils.h(298): note: 参见“bin2str”的前一个定义
d:\myproject\base\base\zx_utils.cc(493): warning C4273: “ZxBase::str2bin”: dll 链接不一致
  d:\myproject\base\include\zx_utils.h(308): note: 参见“str2bin”的前一个定义
d:\myproject\base\base\zx_utils.cc(494): warning C4267: “初始化”: 从“size_t”转换到“int”，可能丢失数据
d:\myproject\base\base\zx_utils.cc(505): warning C4273: “ZxBase::str2bin”: dll 链接不一致
  d:\myproject\base\include\zx_utils.h(318): note: 参见“str2bin”的前一个定义
d:\myproject\base\base\zx_utils.cc(508): warning C4267: “初始化”: 从“size_t”转换到“int”，可能丢失数据
d:\myproject\base\base\zx_utils.cc(514): warning C4267: “+=”: 从“size_t”转换到“int”，可能丢失数据
d:\myproject\base\base\zx_utils.cc(526): warning C4273: “ZxBase::x2c”: dll 链接不一致
  d:\myproject\base\include\zx_utils.h(383): note: 参见“x2c”的前一个定义
d:\myproject\base\base\zx_utils.cc(542): warning C4273: “ZxBase::replace”: dll 链接不一致
  d:\myproject\base\include\zx_utils.h(328): note: 参见“replace”的前一个定义
d:\myproject\base\base\zx_utils.cc(562): warning C4273: “ZxBase::replace”: dll 链接不一致
  d:\myproject\base\include\zx_utils.h(337): note: 参见“replace”的前一个定义
d:\myproject\base\base\zx_utils.cc(588): warning C4273: “ZxBase::matchPeriod”: dll 链接不一致
  d:\myproject\base\include\zx_utils.h(346): note: 参见“matchPeriod”的前一个定义
d:\myproject\base\base\zx_utils.cc(636): warning C4273: “ZxBase::matchPeriod”: dll 链接不一致
  d:\myproject\base\include\zx_utils.h(355): note: 参见“matchPeriod”的前一个定义
d:\myproject\base\base\zx_utils.cc(705): warning C4273: “ZxBase::isPrimeNumber”: dll 链接不一致
  d:\myproject\base\include\zx_utils.h(363): note: 参见“isPrimeNumber”的前一个定义
d:\myproject\base\base\zx_utils.cc(718): warning C4273: “ZxBase::toSize”: dll 链接不一致
  d:\myproject\base\include\zx_utils.h(391): note: 参见“toSize”的前一个定义
d:\myproject\base\base\zx_utils.cc(737): warning C4244: “初始化”: 从“double”转换到“float”，可能丢失数据
  zx_time.cc
d:\myproject\base\base\zx_time.cc(11): warning C4273: “z_time_now”: dll 链接不一致
  d:\myproject\base\include\zx_time.h(38): note: 参见“z_time_now”的前一个定义
d:\myproject\base\base\zx_time.cc(16): warning C4273: “z_sleep”: dll 链接不一致
  d:\myproject\base\include\zx_time.h(39): note: 参见“z_sleep”的前一个定义
  zx_thread_mutex.cc
d:\myproject\base\base\zx_thread_mutex.cc(4): warning C4273: “z_thread_mutex_create”: dll 链接不一致
  d:\myproject\base\include\zx_thread_mutex.h(34): note: 参见“z_thread_mutex_create”的前一个定义
d:\myproject\base\base\zx_thread_mutex.cc(53): warning C4273: “z_thread_mutex_lock”: dll 链接不一致
  d:\myproject\base\include\zx_thread_mutex.h(35): note: 参见“z_thread_mutex_lock”的前一个定义
d:\myproject\base\base\zx_thread_mutex.cc(78): warning C4273: “z_thread_mutex_trylock”: dll 链接不一致
  d:\myproject\base\include\zx_thread_mutex.h(36): note: 参见“z_thread_mutex_trylock”的前一个定义
d:\myproject\base\base\zx_thread_mutex.cc(104): warning C4273: “z_thread_mutex_unlock”: dll 链接不一致
  d:\myproject\base\include\zx_thread_mutex.h(37): note: 参见“z_thread_mutex_unlock”的前一个定义
d:\myproject\base\base\zx_thread_mutex.cc(135): warning C4273: “z_thread_mutex_destroy”: dll 链接不一致
  d:\myproject\base\include\zx_thread_mutex.h(38): note: 参见“z_thread_mutex_destroy”的前一个定义
  zx_threads.cc
d:\myproject\base\base\zx_threads.cc(34): warning C4273: “z_thread_start”: dll 链接不一致
  d:\myproject\base\include\zx_threads.h(66): note: 参见“z_thread_start”的前一个定义
d:\myproject\base\base\zx_threads.cc(58): warning C4273: “z_thread_wait”: dll 链接不一致
  d:\myproject\base\include\zx_threads.h(68): note: 参见“z_thread_wait”的前一个定义
d:\myproject\base\base\zx_threads.cc(93): warning C4273: “z_get_thread_id”: dll 链接不一致
  d:\myproject\base\include\zx_threads.h(69): note: 参见“z_get_thread_id”的前一个定义
d:\myproject\base\base\zx_threads.cc(102): warning C4273: “z_thread_close”: dll 链接不一致
  d:\myproject\base\include\zx_threads.h(70): note: 参见“z_thread_close”的前一个定义
  zx_str.cc
d:\myproject\base\base\zx_str.cc(5): warning C4005: “MIN”: 宏重定义
  d:\myproject\base\include\zx_base.h(40): note: 参见“MIN”的前一个定义
d:\myproject\base\base\zx_str.cc(8): warning C4273: “z_cpystrn”: dll 链接不一致
  d:\myproject\base\include\zx_str.h(55): note: 参见“z_cpystrn”的前一个定义
d:\myproject\base\base\zx_str.cc(32): warning C4273: “z_strstr”: dll 链接不一致
  d:\myproject\base\include\zx_str.h(57): note: 参见“z_strstr”的前一个定义
d:\myproject\base\base\zx_str.cc(62): warning C4273: “z_strlcat”: dll 链接不一致
  d:\myproject\base\include\zx_str.h(69): note: 参见“z_strlcat”的前一个定义
d:\myproject\base\base\zx_str.cc(73): warning C4273: “z_strcasecmp”: dll 链接不一致
  d:\myproject\base\include\zx_str.h(71): note: 参见“z_strcasecmp”的前一个定义
d:\myproject\base\base\zx_str.cc(89): warning C4273: “z_strncasecmp”: dll 链接不一致
  d:\myproject\base\include\zx_str.h(73): note: 参见“z_strncasecmp”的前一个定义
d:\myproject\base\base\zx_str.cc(107): warning C4273: “z_strtok”: dll 链接不一致
  d:\myproject\base\include\zx_str.h(75): note: 参见“z_strtok”的前一个定义
d:\myproject\base\base\zx_str.cc(149): warning C4273: “z_filepath_name_get”: dll 链接不一致
  d:\myproject\base\include\zx_str.h(76): note: 参见“z_filepath_name_get”的前一个定义
d:\myproject\base\base\zx_str.cc(169): warning C4273: “z_vsnprintf”: dll 链接不一致
  d:\myproject\base\include\zx_str.h(77): note: 参见“z_vsnprintf”的前一个定义
d:\myproject\base\base\zx_str.cc(185): warning C4273: “z_snprintf”: dll 链接不一致
  d:\myproject\base\include\zx_str.h(78): note: 参见“z_snprintf”的前一个定义
d:\myproject\base\base\zx_str.cc(197): warning C4273: “z_string_replace”: dll 链接不一致
  d:\myproject\base\include\zx_str.h(79): note: 参见“z_string_replace”的前一个定义
d:\myproject\base\base\zx_str.cc(256): warning C4273: “z_remove_chars”: dll 链接不一致
  d:\myproject\base\include\zx_str.h(80): note: 参见“z_remove_chars”的前一个定义
d:\myproject\base\base\zx_str.cc(271): warning C4273: “z_nextline”: dll 链接不一致
  d:\myproject\base\include\zx_str.h(82): note: 参见“z_nextline”的前一个定义
d:\myproject\base\base\zx_str.cc(290): warning C4273: “z_strendswith”: dll 链接不一致
  d:\myproject\base\include\zx_str.h(84): note: 参见“z_strendswith”的前一个定义
  zx_shm.cc
d:\myproject\base\include\zx_except.h(9): warning C4275: 非 dll 接口 class“std::exception”用作 dll 接口 class“Exception”的基
  e:\program files (x86)\microsoft visual studio 14.0\vc\include\vcruntime_exception.h(43): note: 参见“std::exception”的声明
  d:\myproject\base\include\zx_except.h(8): note: 参见“Exception”的声明
d:\myproject\base\include\zx_except.h(19): warning C4251: “Exception::_buffer”: class“std::basic_string<char,std::char_traits<char>,std::allocator<char>>”需要有 dll 接口由 class“Exception”的客户端使用
  e:\program files (x86)\microsoft visual studio 14.0\vc\include\xstring(2633): note: 参见“std::basic_string<char,std::char_traits<char>,std::allocator<char>>”的声明
d:\myproject\base\base\zx_shm.cc(7): warning C4273: “ZxShm::ZxShm”: dll 链接不一致
  d:\myproject\base\include\zx_shm.h(64): note: 参见“{ctor}”的前一个定义
d:\myproject\base\base\zx_shm.cc(12): warning C4273: “ZxShm::~ZxShm”: dll 链接不一致
  d:\myproject\base\include\zx_shm.h(69): note: 参见“{dtor}”的前一个定义
d:\myproject\base\base\zx_shm.cc(20): warning C4273: “ZxShm::init”: dll 链接不一致
  d:\myproject\base\include\zx_shm.h(80): note: 参见“init”的前一个定义
d:\myproject\base\base\zx_shm.cc(30): warning C4267: “参数”: 从“size_t”转换到“DWORD”，可能丢失数据
d:\myproject\base\base\zx_shm.cc(80): warning C4273: “ZxShm::detach”: dll 链接不一致
  d:\myproject\base\include\zx_shm.h(123): note: 参见“detach”的前一个定义
d:\myproject\base\base\zx_shm.cc(100): warning C4273: “ZxShm::del”: dll 链接不一致
  d:\myproject\base\include\zx_shm.h(130): note: 参见“del”的前一个定义
  stdafx.cpp
  zx_proc.cc
d:\myproject\base\base\zx_proc.cc(15): warning C4273: “z_proc_create”: dll 链接不一致
  d:\myproject\base\include\zx_proc.h(42): note: 参见“z_proc_create”的前一个定义
d:\myproject\base\base\zx_proc.cc(209): warning C4273: “z_proc_wait”: dll 链接不一致
  d:\myproject\base\include\zx_proc.h(43): note: 参见“z_proc_wait”的前一个定义
  zx_getopt.cc
d:\myproject\base\base\zx_getopt.cc(583): warning C4273: “z_getopt”: dll 链接不一致
  d:\myproject\base\include\zx_getopt.h(75): note: 参见“z_getopt”的前一个定义
d:\myproject\base\base\zx_getopt.cc(597): warning C4273: “z_getopt_long”: dll 链接不一致
  d:\myproject\base\include\zx_getopt.h(76): note: 参见“z_getopt_long”的前一个定义
  zx_file.cc
d:\myproject\base\base\zx_file.cc(12): warning C4273: “z_is_file_exist”: dll 链接不一致
  d:\myproject\base\include\zx_file.h(6): note: 参见“z_is_file_exist”的前一个定义
d:\myproject\base\base\zx_file.cc(27): warning C4273: “z_file_read”: dll 链接不一致
  d:\myproject\base\include\zx_file.h(7): note: 参见“z_file_read”的前一个定义
d:\myproject\base\base\zx_file.cc(46): warning C4267: “=”: 从“size_t”转换到“int”，可能丢失数据
d:\myproject\base\base\zx_file.cc(59): warning C4273: “z_file_write”: dll 链接不一致
  d:\myproject\base\include\zx_file.h(9): note: 参见“z_file_write”的前一个定义
d:\myproject\base\base\zx_file.cc(67): warning C4267: “=”: 从“size_t”转换到“int”，可能丢失数据
d:\myproject\base\base\zx_file.cc(80): warning C4273: “z_file_size”: dll 链接不一致
  d:\myproject\base\include\zx_file.h(8): note: 参见“z_file_size”的前一个定义
d:\myproject\base\base\zx_file.cc(95): warning C4273: “z_delete_file”: dll 链接不一致
  d:\myproject\base\include\zx_file.h(10): note: 参见“z_delete_file”的前一个定义
d:\myproject\base\base\zx_file.cc(110): warning C4273: “z_full_path”: dll 链接不一致
  d:\myproject\base\include\zx_file.h(11): note: 参见“z_full_path”的前一个定义
d:\myproject\base\base\zx_file.cc(119): warning C4273: “z_file_rename”: dll 链接不一致
  d:\myproject\base\include\zx_file.h(12): note: 参见“z_file_rename”的前一个定义
  zx_dir.cc
d:\myproject\base\base\zx_dir.cc(10): warning C4273: “z_opendir”: dll 链接不一致
  d:\myproject\base\include\zx_dir.h(33): note: 参见“z_opendir”的前一个定义
d:\myproject\base\base\zx_dir.cc(42): warning C4273: “z_readdir”: dll 链接不一致
  d:\myproject\base\include\zx_dir.h(34): note: 参见“z_readdir”的前一个定义
d:\myproject\base\base\zx_dir.cc(63): warning C4244: “=”: 从“DWORD”转换到“unsigned short”，可能丢失数据
d:\myproject\base\base\zx_dir.cc(78): warning C4273: “z_readdir_r”: dll 链接不一致
  d:\myproject\base\include\zx_dir.h(36): note: 参见“z_readdir_r”的前一个定义
d:\myproject\base\base\zx_dir.cc(100): warning C4244: “=”: 从“DWORD”转换到“unsigned short”，可能丢失数据
d:\myproject\base\base\zx_dir.cc(116): warning C4273: “z_closedir”: dll 链接不一致
  d:\myproject\base\include\zx_dir.h(35): note: 参见“z_closedir”的前一个定义
d:\myproject\base\base\zx_dir.cc(124): warning C4273: “z_scandir”: dll 链接不一致
  d:\myproject\base\include\zx_dir.h(42): note: 参见“z_scandir”的前一个定义
d:\myproject\base\base\zx_dir.cc(199): warning C4273: “z_scandir_recursive”: dll 链接不一致
  d:\myproject\base\include\zx_dir.h(47): note: 参见“z_scandir_recursive”的前一个定义
d:\myproject\base\base\zx_dir.cc(231): warning C4273: “z_delete_dir_recursive”: dll 链接不一致
  d:\myproject\base\include\zx_dir.h(100): note: 参见“z_delete_dir_recursive”的前一个定义
d:\myproject\base\base\zx_dir.cc(254): warning C4273: “free_dirent_list”: dll 链接不一致
  d:\myproject\base\include\zx_dir.h(51): note: 参见“free_dirent_list”的前一个定义
d:\myproject\base\base\zx_dir.cc(268): warning C4273: “z_get_exec_path”: dll 链接不一致
  d:\myproject\base\include\zx_dir.h(57): note: 参见“z_get_exec_path”的前一个定义
d:\myproject\base\base\zx_dir.cc(288): warning C4273: “z_remove_dir”: dll 链接不一致
  d:\myproject\base\include\zx_dir.h(93): note: 参见“z_remove_dir”的前一个定义
d:\myproject\base\base\zx_dir.cc(297): warning C4273: “z_chdir”: dll 链接不一致
  d:\myproject\base\include\zx_dir.h(62): note: 参见“z_chdir”的前一个定义
d:\myproject\base\base\zx_dir.cc(307): warning C4273: “z_dir_access”: dll 链接不一致
  d:\myproject\base\include\zx_dir.h(70): note: 参见“z_dir_access”的前一个定义
d:\myproject\base\base\zx_dir.cc(322): warning C4273: “z_mkdir”: dll 链接不一致
  d:\myproject\base\include\zx_dir.h(77): note: 参见“z_mkdir”的前一个定义
d:\myproject\base\base\zx_dir.cc(360): warning C4273: “z_mkdir_recursive”: dll 链接不一致
  d:\myproject\base\include\zx_dir.h(85): note: 参见“z_mkdir_recursive”的前一个定义
  zx_md5.cc
d:\myproject\base\base\zx_md5.cc(315): warning C4273: “z_md5_init”: dll 链接不一致
  d:\myproject\base\include\zx_md5.h(80): note: 参见“z_md5_init”的前一个定义
d:\myproject\base\base\zx_md5.cc(325): warning C4273: “z_md5_append”: dll 链接不一致
  d:\myproject\base\include\zx_md5.h(83): note: 参见“z_md5_append”的前一个定义
d:\myproject\base\base\zx_md5.cc(363): warning C4273: “z_md5_finish”: dll 链接不一致
  d:\myproject\base\include\zx_md5.h(86): note: 参见“z_md5_finish”的前一个定义
d:\myproject\base\base\zx_md5.cc(445): warning C4273: “z_string_hash”: dll 链接不一致
  d:\myproject\base\include\zx_md5.h(88): note: 参见“z_string_hash”的前一个定义
d:\myproject\base\base\zx_md5.cc(456): warning C4267: “参数”: 从“size_t”转换到“int”，可能丢失数据
d:\myproject\base\base\zx_md5.cc(468): warning C4273: “z_file_hash”: dll 链接不一致
  d:\myproject\base\include\zx_md5.h(89): note: 参见“z_file_hash”的前一个定义
  zx_except.cc
d:\myproject\base\include\zx_except.h(9): warning C4275: 非 dll 接口 class“std::exception”用作 dll 接口 class“Exception”的基
  e:\program files (x86)\microsoft visual studio 14.0\vc\include\vcruntime_exception.h(43): note: 参见“std::exception”的声明
  d:\myproject\base\include\zx_except.h(8): note: 参见“Exception”的声明
d:\myproject\base\include\zx_except.h(19): warning C4251: “Exception::_buffer”: class“std::basic_string<char,std::char_traits<char>,std::allocator<char>>”需要有 dll 接口由 class“Exception”的客户端使用
  e:\program files (x86)\microsoft visual studio 14.0\vc\include\xstring(2633): note: 参见“std::basic_string<char,std::char_traits<char>,std::allocator<char>>”的声明
d:\myproject\base\base\zx_except.cc(5): warning C4273: “Exception::Exception”: dll 链接不一致
  d:\myproject\base\include\zx_except.h(11): note: 参见“{ctor}”的前一个定义
d:\myproject\base\base\zx_except.cc(11): warning C4273: “Exception::Exception”: dll 链接不一致
  d:\myproject\base\include\zx_except.h(12): note: 参见“{ctor}”的前一个定义
d:\myproject\base\base\zx_except.cc(18): warning C4273: “Exception::~Exception”: dll 链接不一致
  d:\myproject\base\include\zx_except.h(13): note: 参见“{dtor}”的前一个定义
d:\myproject\base\base\zx_except.cc(22): warning C4273: “Exception::what”: dll 链接不一致
  d:\myproject\base\include\zx_except.h(14): note: 参见“what”的前一个定义
d:\myproject\base\base\zx_except.cc(27): warning C4273: “Exception::getBacktrace”: dll 链接不一致
  d:\myproject\base\include\zx_except.h(17): note: 参见“getBacktrace”的前一个定义
  zx_encoder.cc
d:\myproject\base\include\zx_except.h(9): warning C4275: 非 dll 接口 class“std::exception”用作 dll 接口 class“Exception”的基
  e:\program files (x86)\microsoft visual studio 14.0\vc\include\vcruntime_exception.h(43): note: 参见“std::exception”的声明
  d:\myproject\base\include\zx_except.h(8): note: 参见“Exception”的声明
d:\myproject\base\include\zx_except.h(19): warning C4251: “Exception::_buffer”: class“std::basic_string<char,std::char_traits<char>,std::allocator<char>>”需要有 dll 接口由 class“Exception”的客户端使用
  e:\program files (x86)\microsoft visual studio 14.0\vc\include\xstring(2633): note: 参见“std::basic_string<char,std::char_traits<char>,std::allocator<char>>”的声明
d:\myproject\base\base\zx_encoder.cc(14): warning C4273: “ZxEncoder::gbk2utf8”: dll 链接不一致
  d:\myproject\base\include\zx_encoder.h(58): note: 参见“gbk2utf8”的前一个定义
d:\myproject\base\base\zx_encoder.cc(21): warning C4101: “codepage”: 未引用的局部变量
d:\myproject\base\base\zx_encoder.cc(108): warning C4273: “ZxEncoder::gbk2utf8”: dll 链接不一致
  d:\myproject\base\include\zx_encoder.h(67): note: 参见“gbk2utf8”的前一个定义
d:\myproject\base\base\zx_encoder.cc(111): warning C4267: “初始化”: 从“size_t”转换到“int”，可能丢失数据
d:\myproject\base\base\zx_encoder.cc(205): warning C4273: “ZxEncoder::utf82gbk”: dll 链接不一致
  d:\myproject\base\include\zx_encoder.h(79): note: 参见“utf82gbk”的前一个定义
d:\myproject\base\base\zx_encoder.cc(255): warning C4273: “ZxEncoder::utf82gbk”: dll 链接不一致
  d:\myproject\base\include\zx_encoder.h(88): note: 参见“utf82gbk”的前一个定义
d:\myproject\base\base\zx_encoder.cc(263): warning C4267: “初始化”: 从“size_t”转换到“int”，可能丢失数据
d:\myproject\base\base\zx_encoder.cc(268): warning C4267: “参数”: 从“size_t”转换到“int”，可能丢失数据
d:\myproject\base\base\zx_encoder.cc(290): warning C4273: “ZxEncoder::transTo”: dll 链接不一致
  d:\myproject\base\include\zx_encoder.h(102): note: 参见“transTo”的前一个定义
d:\myproject\base\base\zx_encoder.cc(314): warning C4273: “ZxEncoder::transFrom”: dll 链接不一致
  d:\myproject\base\include\zx_encoder.h(116): note: 参见“transFrom”的前一个定义
  zx_base64.cc
d:\myproject\base\base\zx_base64.cc(5): warning C4273: “EnBase64Tab”: dll 链接不一致
  d:\myproject\base\include\zx_base64.h(68): note: 参见“protected: static char const * const ZxBase64::EnBase64Tab”的前一个定义
d:\myproject\base\base\zx_base64.cc(5): error C2491: “ZxBase64::EnBase64Tab”: 不允许 dllimport 静态数据成员 的定义
d:\myproject\base\base\zx_base64.cc(10): warning C4273: “DeBase64Tab”: dll 链接不一致
  d:\myproject\base\include\zx_base64.h(72): note: 参见“protected: static char const * const ZxBase64::DeBase64Tab”的前一个定义
d:\myproject\base\base\zx_base64.cc(10): error C2491: “ZxBase64::DeBase64Tab”: 不允许 dllimport 静态数据成员 的定义
d:\myproject\base\base\zx_base64.cc(31): warning C4273: “ZxBase64::encode”: dll 链接不一致
  d:\myproject\base\include\zx_base64.h(31): note: 参见“encode”的前一个定义
d:\myproject\base\base\zx_base64.cc(40): warning C4267: “参数”: 从“size_t”转换到“int”，可能丢失数据
d:\myproject\base\base\zx_base64.cc(47): warning C4273: “ZxBase64::decode”: dll 链接不一致
  d:\myproject\base\include\zx_base64.h(39): note: 参见“decode”的前一个定义
d:\myproject\base\base\zx_base64.cc(54): warning C4267: “参数”: 从“size_t”转换到“int”，可能丢失数据
d:\myproject\base\base\zx_base64.cc(61): warning C4273: “ZxBase64::encode”: dll 链接不一致
  d:\myproject\base\include\zx_base64.h(51): note: 参见“encode”的前一个定义
d:\myproject\base\base\zx_base64.cc(118): warning C4273: “ZxBase64::decode”: dll 链接不一致
  d:\myproject\base\include\zx_base64.h(61): note: 参见“decode”的前一个定义
  正在生成代码...
d:\myproject\base\base\zx_dir.cc(251): warning C4715: “z_delete_dir_recursive”: 不是所有的控件路径都返回值
d:\myproject\base\base\zx_thread_mutex.cc(101): warning C4715: “z_thread_mutex_trylock”: 不是所有的控件路径都返回值
